2020-04-21 11:42:53,742 INFO org.springframework.boot.StartupInfoLogger [restartedMain] Starting MoneyCtrlApplication on CPX-IO0WA8S8PS9 with PID 2664 (C:\Projetos\MoneyCtrl\MoneyCtrl-Api\target\classes started by thiago.v.santiago in C:\Projetos\MoneyCtrl\MoneyCtrl-Api)
2020-04-21 11:42:53,745 INFO org.springframework.boot.SpringApplication [restartedMain] The following profiles are active: test
2020-04-21 11:42:53,797 INFO org.springframework.boot.logging.DeferredLog [restartedMain] Devtools property defaults active! Set 'spring.devtools.add-properties' to 'false' to disable
2020-04-21 11:42:53,799 INFO org.springframework.boot.logging.DeferredLog [restartedMain] For additional web related logging consider setting the 'logging.level.web' property to 'DEBUG'
2020-04-21 11:42:54,649 INFO org.springframework.data.repository.config.RepositoryConfigurationDelegate [restartedMain] Bootstrapping Spring Data repositories in DEFAULT mode.
2020-04-21 11:42:54,719 INFO org.springframework.data.repository.config.RepositoryConfigurationDelegate [restartedMain] Finished Spring Data repository scanning in 61ms. Found 1 repository interfaces.
2020-04-21 11:42:55,069 INFO org.springframework.context.support.PostProcessorRegistrationDelegate$BeanPostProcessorChecker [restartedMain] Bean 'org.springframework.transaction.annotation.ProxyTransactionManagementConfiguration' of type [org.springframework.transaction.annotation.ProxyTransactionManagementConfiguration$$EnhancerBySpringCGLIB$$fc8e5bef] is not eligible for getting processed by all BeanPostProcessors (for example: not eligible for auto-proxying)
2020-04-21 11:42:55,612 INFO org.springframework.boot.web.embedded.tomcat.TomcatWebServer [restartedMain] Tomcat initialized with port(s): 8080 (http)
2020-04-21 11:42:55,627 INFO org.apache.juli.logging.DirectJDKLog [restartedMain] Initializing ProtocolHandler ["http-nio-8080"]
2020-04-21 11:42:55,638 INFO org.apache.juli.logging.DirectJDKLog [restartedMain] Starting service [Tomcat]
2020-04-21 11:42:55,638 INFO org.apache.juli.logging.DirectJDKLog [restartedMain] Starting Servlet engine: [Apache Tomcat/9.0.24]
2020-04-21 11:42:55,758 INFO org.apache.juli.logging.DirectJDKLog [restartedMain] Initializing Spring embedded WebApplicationContext
2020-04-21 11:42:55,759 INFO org.springframework.boot.web.servlet.context.ServletWebServerApplicationContext [restartedMain] Root WebApplicationContext: initialization completed in 1960 ms
2020-04-21 11:42:55,979 INFO com.zaxxer.hikari.HikariDataSource [restartedMain] HikariPool-1 - Starting...
2020-04-21 11:42:56,163 INFO com.zaxxer.hikari.HikariDataSource [restartedMain] HikariPool-1 - Start completed.
2020-04-21 11:42:56,241 INFO org.hibernate.jpa.internal.util.LogHelper [restartedMain] HHH000204: Processing PersistenceUnitInfo [
	name: default
	...]
2020-04-21 11:42:56,320 INFO org.hibernate.Version [restartedMain] HHH000412: Hibernate Core {5.3.11.Final}
2020-04-21 11:42:56,321 INFO org.hibernate.cfg.Environment [restartedMain] HHH000206: hibernate.properties not found
2020-04-21 11:42:56,483 INFO org.hibernate.annotations.common.reflection.java.JavaReflectionManager [restartedMain] HCANN000001: Hibernate Commons Annotations {5.0.4.Final}
2020-04-21 11:42:56,675 INFO org.hibernate.dialect.Dialect [restartedMain] HHH000400: Using dialect: org.hibernate.dialect.H2Dialect
2020-04-21 11:42:57,340 INFO org.hibernate.tool.schema.internal.SchemaCreatorImpl [restartedMain] HHH000476: Executing import script 'org.hibernate.tool.schema.internal.exec.ScriptSourceInputNonExistentImpl@66c6e718'
2020-04-21 11:42:57,343 INFO org.springframework.orm.jpa.AbstractEntityManagerFactoryBean [restartedMain] Initialized JPA EntityManagerFactory for persistence unit 'default'
2020-04-21 11:42:57,358 INFO org.springframework.boot.devtools.autoconfigure.OptionalLiveReloadServer [restartedMain] LiveReload server is running on port 35729
2020-04-21 11:42:57,854 INFO org.springframework.scheduling.concurrent.ExecutorConfigurationSupport [restartedMain] Initializing ExecutorService 'applicationTaskExecutor'
2020-04-21 11:42:57,907 WARN org.springframework.boot.autoconfigure.orm.jpa.JpaBaseConfiguration$JpaWebConfiguration$JpaWebMvcConfiguration [restartedMain] spring.jpa.open-in-view is enabled by default. Therefore, database queries may be performed during view rendering. Explicitly configure spring.jpa.open-in-view to disable this warning
2020-04-21 11:42:58,125 INFO org.apache.juli.logging.DirectJDKLog [restartedMain] Starting ProtocolHandler ["http-nio-8080"]
2020-04-21 11:42:58,305 INFO org.springframework.boot.web.embedded.tomcat.TomcatWebServer [restartedMain] Tomcat started on port(s): 8080 (http) with context path ''
2020-04-21 11:42:58,307 INFO org.springframework.boot.StartupInfoLogger [restartedMain] Started MoneyCtrlApplication in 5.006 seconds (JVM running for 5.47)
2020-04-21 11:43:04,071 INFO org.apache.juli.logging.DirectJDKLog [http-nio-8080-exec-1] Initializing Spring DispatcherServlet 'dispatcherServlet'
2020-04-21 11:43:04,072 INFO org.springframework.web.servlet.FrameworkServlet [http-nio-8080-exec-1] Initializing Servlet 'dispatcherServlet'
2020-04-21 11:43:04,081 INFO org.springframework.web.servlet.FrameworkServlet [http-nio-8080-exec-1] Completed initialization in 9 ms
2020-04-21 11:43:04,114 INFO com.santiago.endopoints.CartaoController [http-nio-8080-exec-1] An INFO Message
2020-04-21 11:43:04,114 WARN com.santiago.endopoints.CartaoController [http-nio-8080-exec-1] A WARN Message
2020-04-21 11:43:04,114 ERROR com.santiago.endopoints.CartaoController [http-nio-8080-exec-1] An ERROR Message
